# JRE version: Java(TM) SE Runtime Environment (7.0_79-b15) (build 1.7.0_79-b15)
# Java VM: Java HotSpot(TM) Client VM (24.79-b02 mixed mode windows-x86 )
Heap
 def new generation   total 235968K, used 132572K [0x04600000, 0x14600000, 0x14600000)
  eden space 209792K,  57% used [0x04600000, 0x0bb92c28, 0x112e0000)
  from space 26176K,  46% used [0x112e0000, 0x11ec44a8, 0x12c70000)
  to   space 26176K,   0% used [0x12c70000, 0x12c70000, 0x14600000)
 tenured generation   total 524288K, used 104991K [0x14600000, 0x34600000, 0x34600000)
   the space 524288K,  20% used [0x14600000, 0x1ac87d28, 0x1ac87e00, 0x34600000)
 compacting perm gen  total 262144K, used 45781K [0x34600000, 0x44600000, 0x44600000)
   the space 262144K,  17% used [0x34600000, 0x372b54d0, 0x372b5600, 0x44600000)
GC Heap History (10 events):
Event: 13.660 GC heap before
{Heap before GC invocations=27 (full 0):
 def new generation   total 235968K, used 223286K [0x04600000, 0x14600000, 0x14600000)
  eden space 209792K,  98% used [0x04600000, 0x10f83d80, 0x112e0000)
  from space 26176K,  64% used [0x12c70000, 0x13cf9ab0, 0x14600000)
  to   space 26176K,   0% used [0x112e0000, 0x112e0000, 0x12c70000)
 tenured generation   total 524288K, used 89581K [0x14600000, 0x34600000, 0x34600000)
   the space 524288K,  17% used [0x14600000, 0x19d7b4e0, 0x19d7b600, 0x34600000)
 compacting perm gen  total 262144K, used 42231K [0x34600000, 0x44600000, 0x44600000)
   the space 262144K,  16% used [0x34600000, 0x36f3de10, 0x36f3e000, 0x44600000)
No shared spaces configured.
Event: 13.691 GC heap after
Heap after GC invocations=28 (full 0):
 def new generation   total 235968K, used 12791K [0x04600000, 0x14600000, 0x14600000)
  eden space 209792K,   0% used [0x04600000, 0x04600000, 0x112e0000)
  from space 26176K,  48% used [0x112e0000, 0x11f5dc50, 0x12c70000)
  to   space 26176K,   0% used [0x12c70000, 0x12c70000, 0x14600000)
 tenured generation   total 524288K, used 94492K [0x14600000, 0x34600000, 0x34600000)
   the space 524288K,  18% used [0x14600000, 0x1a2471e8, 0x1a247200, 0x34600000)
 compacting perm gen  total 262144K, used 42231K [0x34600000, 0x44600000, 0x44600000)
   the space 262144K,  16% used [0x34600000, 0x36f3de10, 0x36f3e000, 0x44600000)
No shared spaces configured.
}
Event: 13.825 GC heap before
{Heap before GC invocations=28 (full 0):
 def new generation   total 235968K, used 214673K [0x04600000, 0x14600000, 0x14600000)
  eden space 209792K,  96% used [0x04600000, 0x10b269d0, 0x112e0000)
  from space 26176K,  48% used [0x112e0000, 0x11f5dc50, 0x12c70000)
  to   space 26176K,   0% used [0x12c70000, 0x12c70000, 0x14600000)
 tenured generation   total 524288K, used 94492K [0x14600000, 0x34600000, 0x34600000)
   the space 524288K,  18% used [0x14600000, 0x1a2471e8, 0x1a247200, 0x34600000)
 compacting perm gen  total 262144K, used 42540K [0x34600000, 0x44600000, 0x44600000)
   the space 262144K,  16% used [0x34600000, 0x36f8b290, 0x36f8b400, 0x44600000)
No shared spaces configured.
Event: 13.848 GC heap after
Heap after GC invocations=29 (full 0):
 def new generation   total 235968K, used 13315K [0x04600000, 0x14600000, 0x14600000)
  eden space 209792K,   0% used [0x04600000, 0x04600000, 0x112e0000)
  from space 26176K,  50% used [0x12c70000, 0x13970c78, 0x14600000)
  to   space 26176K,   0% used [0x112e0000, 0x112e0000, 0x12c70000)
 tenured generation   total 524288K, used 94492K [0x14600000, 0x34600000, 0x34600000)
   the space 524288K,  18% used [0x14600000, 0x1a2471e8, 0x1a247200, 0x34600000)
 compacting perm gen  total 262144K, used 42540K [0x34600000, 0x44600000, 0x44600000)
   the space 262144K,  16% used [0x34600000, 0x36f8b290, 0x36f8b400, 0x44600000)
No shared spaces configured.
}
Event: 14.165 GC heap before
{Heap before GC invocations=29 (full 0):
 def new generation   total 235968K, used 223107K [0x04600000, 0x14600000, 0x14600000)
  eden space 209792K, 100% used [0x04600000, 0x112e0000, 0x112e0000)
  from space 26176K,  50% used [0x12c70000, 0x13970c78, 0x14600000)
  to   space 26176K,   0% used [0x112e0000, 0x112e0000, 0x12c70000)
 tenured generation   total 524288K, used 94492K [0x14600000, 0x34600000, 0x34600000)
   the space 524288K,  18% used [0x14600000, 0x1a2471e8, 0x1a247200, 0x34600000)
 compacting perm gen  total 262144K, used 43514K [0x34600000, 0x44600000, 0x44600000)
   the space 262144K,  16% used [0x34600000, 0x3707e9c8, 0x3707ea00, 0x44600000)
No shared spaces configured.
Event: 14.198 GC heap after
Heap after GC invocations=30 (full 0):
 def new generation   total 235968K, used 14039K [0x04600000, 0x14600000, 0x14600000)
  eden space 209792K,   0% used [0x04600000, 0x04600000, 0x112e0000)
  from space 26176K,  53% used [0x112e0000, 0x12095ec8, 0x12c70000)
  to   space 26176K,   0% used [0x12c70000, 0x12c70000, 0x14600000)
 tenured generation   total 524288K, used 98077K [0x14600000, 0x34600000, 0x34600000)
   the space 524288K,  18% used [0x14600000, 0x1a5c7458, 0x1a5c7600, 0x34600000)
 compacting perm gen  total 262144K, used 43514K [0x34600000, 0x44600000, 0x44600000)
   the space 262144K,  16% used [0x34600000, 0x3707e9c8, 0x3707ea00, 0x44600000)
No shared spaces configured.
}
Event: 15.184 GC heap before
{Heap before GC invocations=30 (full 0):
 def new generation   total 235968K, used 223831K [0x04600000, 0x14600000, 0x14600000)
  eden space 209792K, 100% used [0x04600000, 0x112e0000, 0x112e0000)
  from space 26176K,  53% used [0x112e0000, 0x12095ec8, 0x12c70000)
  to   space 26176K,   0% used [0x12c70000, 0x12c70000, 0x14600000)
 tenured generation   total 524288K, used 98077K [0x14600000, 0x34600000, 0x34600000)
   the space 524288K,  18% used [0x14600000, 0x1a5c7458, 0x1a5c7600, 0x34600000)
 compacting perm gen  total 262144K, used 44808K [0x34600000, 0x44600000, 0x44600000)
   the space 262144K,  17% used [0x34600000, 0x371c2260, 0x371c2400, 0x44600000)
No shared spaces configured.
Event: 15.225 GC heap after
Heap after GC invocations=31 (full 0):
 def new generation   total 235968K, used 15776K [0x04600000, 0x14600000, 0x14600000)
  eden space 209792K,   0% used [0x04600000, 0x04600000, 0x112e0000)
  from space 26176K,  60% used [0x12c70000, 0x13bd8108, 0x14600000)
  to   space 26176K,   0% used [0x112e0000, 0x112e0000, 0x12c70000)
 tenured generation   total 524288K, used 100539K [0x14600000, 0x34600000, 0x34600000)
   the space 524288K,  19% used [0x14600000, 0x1a82ee20, 0x1a82f000, 0x34600000)
 compacting perm gen  total 262144K, used 44808K [0x34600000, 0x44600000, 0x44600000)
   the space 262144K,  17% used [0x34600000, 0x371c2260, 0x371c2400, 0x44600000)
No shared spaces configured.
}
Event: 27.948 GC heap before
{Heap before GC invocations=31 (full 0):
 def new generation   total 235968K, used 216098K [0x04600000, 0x14600000, 0x14600000)
  eden space 209792K,  95% used [0x04600000, 0x109a0798, 0x112e0000)
  from space 26176K,  60% used [0x12c70000, 0x13bd8108, 0x14600000)
  to   space 26176K,   0% used [0x112e0000, 0x112e0000, 0x12c70000)
 tenured generation   total 524288K, used 100539K [0x14600000, 0x34600000, 0x34600000)
   the space 524288K,  19% used [0x14600000, 0x1a82ee20, 0x1a82f000, 0x34600000)
 compacting perm gen  total 262144K, used 45608K [0x34600000, 0x44600000, 0x44600000)
   the space 262144K,  17% used [0x34600000, 0x3728a208, 0x3728a400, 0x44600000)
No shared spaces configured.
Event: 27.985 GC heap after
Heap after GC invocations=32 (full 0):
 def new generation   total 235968K, used 12177K [0x04600000, 0x14600000, 0x14600000)
  eden space 209792K,   0% used [0x04600000, 0x04600000, 0x112e0000)
  from space 26176K,  46% used [0x112e0000, 0x11ec44a8, 0x12c70000)
  to   space 26176K,   0% used [0x12c70000, 0x12c70000, 0x14600000)
 tenured generation   total 524288K, used 104991K [0x14600000, 0x34600000, 0x34600000)
   the space 524288K,  20% used [0x14600000, 0x1ac87d28, 0x1ac87e00, 0x34600000)
 compacting perm gen  total 262144K, used 45608K [0x34600000, 0x44600000, 0x44600000)
   the space 262144K,  17% used [0x34600000, 0x3728a208, 0x3728a400, 0x44600000)
No shared spaces configured.
}

