# JRE version: Java(TM) SE Runtime Environment (7.0_79-b15) (build 1.7.0_79-b15)
# Java VM: Java HotSpot(TM) Client VM (24.79-b02 mixed mode windows-x86 )
Heap
 def new generation   total 235968K, used 218560K [0x04a00000, 0x14a00000, 0x14a00000)
  eden space 209792K,  96% used [0x04a00000, 0x110317e8, 0x116e0000)
  from space 26176K,  59% used [0x13070000, 0x13faebd0, 0x14a00000)
  to   space 26176K,   0% used [0x116e0000, 0x116e0000, 0x13070000)
 tenured generation   total 524288K, used 100287K [0x14a00000, 0x34a00000, 0x34a00000)
   the space 524288K,  19% used [0x14a00000, 0x1abefd58, 0x1abefe00, 0x34a00000)
 compacting perm gen  total 262144K, used 45948K [0x34a00000, 0x44a00000, 0x44a00000)
   the space 262144K,  17% used [0x34a00000, 0x376df168, 0x376df200, 0x44a00000)
GC Heap History (10 events):
Event: 24.206 GC heap before
{Heap before GC invocations=26 (full 0):
 def new generation   total 235968K, used 217555K [0x04a00000, 0x14a00000, 0x14a00000)
  eden space 209792K,  98% used [0x04a00000, 0x113880d0, 0x116e0000)
  from space 26176K,  42% used [0x116e0000, 0x121ccd78, 0x13070000)
  to   space 26176K,   0% used [0x13070000, 0x13070000, 0x14a00000)
 tenured generation   total 524288K, used 89530K [0x14a00000, 0x34a00000, 0x34a00000)
   the space 524288K,  17% used [0x14a00000, 0x1a16ebb8, 0x1a16ec00, 0x34a00000)
 compacting perm gen  total 262144K, used 41266K [0x34a00000, 0x44a00000, 0x44a00000)
   the space 262144K,  15% used [0x34a00000, 0x3724ca18, 0x3724cc00, 0x44a00000)
No shared spaces configured.
Event: 24.239 GC heap after
Heap after GC invocations=27 (full 0):
 def new generation   total 235968K, used 17545K [0x04a00000, 0x14a00000, 0x14a00000)
  eden space 209792K,   0% used [0x04a00000, 0x04a00000, 0x116e0000)
  from space 26176K,  67% used [0x13070000, 0x14192400, 0x14a00000)
  to   space 26176K,   0% used [0x116e0000, 0x116e0000, 0x13070000)
 tenured generation   total 524288K, used 89530K [0x14a00000, 0x34a00000, 0x34a00000)
   the space 524288K,  17% used [0x14a00000, 0x1a16ebb8, 0x1a16ec00, 0x34a00000)
 compacting perm gen  total 262144K, used 41266K [0x34a00000, 0x44a00000, 0x44a00000)
   the space 262144K,  15% used [0x34a00000, 0x3724ca18, 0x3724cc00, 0x44a00000)
No shared spaces configured.
}
Event: 24.585 GC heap before
{Heap before GC invocations=27 (full 0):
 def new generation   total 235968K, used 227337K [0x04a00000, 0x14a00000, 0x14a00000)
  eden space 209792K, 100% used [0x04a00000, 0x116e0000, 0x116e0000)
  from space 26176K,  67% used [0x13070000, 0x14192400, 0x14a00000)
  to   space 26176K,   0% used [0x116e0000, 0x116e0000, 0x13070000)
 tenured generation   total 524288K, used 89530K [0x14a00000, 0x34a00000, 0x34a00000)
   the space 524288K,  17% used [0x14a00000, 0x1a16ebb8, 0x1a16ec00, 0x34a00000)
 compacting perm gen  total 262144K, used 42454K [0x34a00000, 0x44a00000, 0x44a00000)
   the space 262144K,  16% used [0x34a00000, 0x37375960, 0x37375a00, 0x44a00000)
No shared spaces configured.
Event: 24.616 GC heap after
Heap after GC invocations=28 (full 0):
 def new generation   total 235968K, used 13814K [0x04a00000, 0x14a00000, 0x14a00000)
  eden space 209792K,   0% used [0x04a00000, 0x04a00000, 0x116e0000)
  from space 26176K,  52% used [0x116e0000, 0x1245d848, 0x13070000)
  to   space 26176K,   0% used [0x13070000, 0x13070000, 0x14a00000)
 tenured generation   total 524288K, used 94441K [0x14a00000, 0x34a00000, 0x34a00000)
   the space 524288K,  18% used [0x14a00000, 0x1a63a610, 0x1a63a800, 0x34a00000)
 compacting perm gen  total 262144K, used 42454K [0x34a00000, 0x44a00000, 0x44a00000)
   the space 262144K,  16% used [0x34a00000, 0x37375960, 0x37375a00, 0x44a00000)
No shared spaces configured.
}
Event: 24.833 GC heap before
{Heap before GC invocations=28 (full 0):
 def new generation   total 235968K, used 223606K [0x04a00000, 0x14a00000, 0x14a00000)
  eden space 209792K, 100% used [0x04a00000, 0x116e0000, 0x116e0000)
  from space 26176K,  52% used [0x116e0000, 0x1245d848, 0x13070000)
  to   space 26176K,   0% used [0x13070000, 0x13070000, 0x14a00000)
 tenured generation   total 524288K, used 94441K [0x14a00000, 0x34a00000, 0x34a00000)
   the space 524288K,  18% used [0x14a00000, 0x1a63a610, 0x1a63a800, 0x34a00000)
 compacting perm gen  total 262144K, used 42705K [0x34a00000, 0x44a00000, 0x44a00000)
   the space 262144K,  16% used [0x34a00000, 0x373b46c8, 0x373b4800, 0x44a00000)
No shared spaces configured.
Event: 24.858 GC heap after
Heap after GC invocations=29 (full 0):
 def new generation   total 235968K, used 11264K [0x04a00000, 0x14a00000, 0x14a00000)
  eden space 209792K,   0% used [0x04a00000, 0x04a00000, 0x116e0000)
  from space 26176K,  43% used [0x13070000, 0x13b700a8, 0x14a00000)
  to   space 26176K,   0% used [0x116e0000, 0x116e0000, 0x13070000)
 tenured generation   total 524288K, used 97067K [0x14a00000, 0x34a00000, 0x34a00000)
   the space 524288K,  18% used [0x14a00000, 0x1a8caf80, 0x1a8cb000, 0x34a00000)
 compacting perm gen  total 262144K, used 42705K [0x34a00000, 0x44a00000, 0x44a00000)
   the space 262144K,  16% used [0x34a00000, 0x373b46c8, 0x373b4800, 0x44a00000)
No shared spaces configured.
}
Event: 25.328 GC heap before
{Heap before GC invocations=29 (full 0):
 def new generation   total 235968K, used 221056K [0x04a00000, 0x14a00000, 0x14a00000)
  eden space 209792K, 100% used [0x04a00000, 0x116e0000, 0x116e0000)
  from space 26176K,  43% used [0x13070000, 0x13b700a8, 0x14a00000)
  to   space 26176K,   0% used [0x116e0000, 0x116e0000, 0x13070000)
 tenured generation   total 524288K, used 97067K [0x14a00000, 0x34a00000, 0x34a00000)
   the space 524288K,  18% used [0x14a00000, 0x1a8caf80, 0x1a8cb000, 0x34a00000)
 compacting perm gen  total 262144K, used 43530K [0x34a00000, 0x44a00000, 0x44a00000)
   the space 262144K,  16% used [0x34a00000, 0x37482968, 0x37482a00, 0x44a00000)
No shared spaces configured.
Event: 25.361 GC heap after
Heap after GC invocations=30 (full 0):
 def new generation   total 235968K, used 14988K [0x04a00000, 0x14a00000, 0x14a00000)
  eden space 209792K,   0% used [0x04a00000, 0x04a00000, 0x116e0000)
  from space 26176K,  57% used [0x116e0000, 0x125832d0, 0x13070000)
  to   space 26176K,   0% used [0x13070000, 0x13070000, 0x14a00000)
 tenured generation   total 524288K, used 97067K [0x14a00000, 0x34a00000, 0x34a00000)
   the space 524288K,  18% used [0x14a00000, 0x1a8caf80, 0x1a8cb000, 0x34a00000)
 compacting perm gen  total 262144K, used 43530K [0x34a00000, 0x44a00000, 0x44a00000)
   the space 262144K,  16% used [0x34a00000, 0x37482968, 0x37482a00, 0x44a00000)
No shared spaces configured.
}
Event: 27.148 GC heap before
{Heap before GC invocations=30 (full 0):
 def new generation   total 235968K, used 219940K [0x04a00000, 0x14a00000, 0x14a00000)
  eden space 209792K,  97% used [0x04a00000, 0x11225ee8, 0x116e0000)
  from space 26176K,  57% used [0x116e0000, 0x125832d0, 0x13070000)
  to   space 26176K,   0% used [0x13070000, 0x13070000, 0x14a00000)
 tenured generation   total 524288K, used 97067K [0x14a00000, 0x34a00000, 0x34a00000)
   the space 524288K,  18% used [0x14a00000, 0x1a8caf80, 0x1a8cb000, 0x34a00000)
 compacting perm gen  total 262144K, used 44872K [0x34a00000, 0x44a00000, 0x44a00000)
   the space 262144K,  17% used [0x34a00000, 0x375d2298, 0x375d2400, 0x44a00000)
No shared spaces configured.
Event: 27.187 GC heap after
Heap after GC invocations=31 (full 0):
 def new generation   total 235968K, used 15610K [0x04a00000, 0x14a00000, 0x14a00000)
  eden space 209792K,   0% used [0x04a00000, 0x04a00000, 0x116e0000)
  from space 26176K,  59% used [0x13070000, 0x13faebd0, 0x14a00000)
  to   space 26176K,   0% used [0x116e0000, 0x116e0000, 0x13070000)
 tenured generation   total 524288K, used 100287K [0x14a00000, 0x34a00000, 0x34a00000)
   the space 524288K,  19% used [0x14a00000, 0x1abefd58, 0x1abefe00, 0x34a00000)
 compacting perm gen  total 262144K, used 44872K [0x34a00000, 0x44a00000, 0x44a00000)
   the space 262144K,  17% used [0x34a00000, 0x375d2298, 0x375d2400, 0x44a00000)
No shared spaces configured.
}

