# JRE version: Java(TM) SE Runtime Environment (7.0_79-b15) (build 1.7.0_79-b15)
# Java VM: Java HotSpot(TM) Client VM (24.79-b02 mixed mode windows-x86 )
Heap
 def new generation   total 235968K, used 218963K [0x04a00000, 0x14a00000, 0x14a00000)
  eden space 209792K,  97% used [0x04a00000, 0x1123c570, 0x116e0000)
  from space 26176K,  53% used [0x116e0000, 0x12478830, 0x13070000)
  to   space 26176K,   0% used [0x13070000, 0x13070000, 0x14a00000)
 tenured generation   total 524288K, used 105166K [0x14a00000, 0x34a00000, 0x34a00000)
   the space 524288K,  20% used [0x14a00000, 0x1b0b38c8, 0x1b0b3a00, 0x34a00000)
 compacting perm gen  total 262144K, used 46142K [0x34a00000, 0x44a00000, 0x44a00000)
   the space 262144K,  17% used [0x34a00000, 0x3770f870, 0x3770fa00, 0x44a00000)
GC Heap History (10 events):
Event: 38.677 GC heap before
{Heap before GC invocations=27 (full 0):
 def new generation   total 235968K, used 218693K [0x04a00000, 0x14a00000, 0x14a00000)
  eden space 209792K,  98% used [0x04a00000, 0x11348118, 0x116e0000)
  from space 26176K,  48% used [0x13070000, 0x13cb9488, 0x14a00000)
  to   space 26176K,   0% used [0x116e0000, 0x116e0000, 0x13070000)
 tenured generation   total 524288K, used 94088K [0x14a00000, 0x34a00000, 0x34a00000)
   the space 524288K,  17% used [0x14a00000, 0x1a5e22b0, 0x1a5e2400, 0x34a00000)
 compacting perm gen  total 262144K, used 42189K [0x34a00000, 0x44a00000, 0x44a00000)
   the space 262144K,  16% used [0x34a00000, 0x37333448, 0x37333600, 0x44a00000)
No shared spaces configured.
Event: 38.710 GC heap after
Heap after GC invocations=28 (full 0):
 def new generation   total 235968K, used 13352K [0x04a00000, 0x14a00000, 0x14a00000)
  eden space 209792K,   0% used [0x04a00000, 0x04a00000, 0x116e0000)
  from space 26176K,  51% used [0x116e0000, 0x123ea3f0, 0x13070000)
  to   space 26176K,   0% used [0x13070000, 0x13070000, 0x14a00000)
 tenured generation   total 524288K, used 94088K [0x14a00000, 0x34a00000, 0x34a00000)
   the space 524288K,  17% used [0x14a00000, 0x1a5e22b0, 0x1a5e2400, 0x34a00000)
 compacting perm gen  total 262144K, used 42189K [0x34a00000, 0x44a00000, 0x44a00000)
   the space 262144K,  16% used [0x34a00000, 0x37333448, 0x37333600, 0x44a00000)
No shared spaces configured.
}
Event: 39.021 GC heap before
{Heap before GC invocations=28 (full 0):
 def new generation   total 235968K, used 214527K [0x04a00000, 0x14a00000, 0x14a00000)
  eden space 209792K,  95% used [0x04a00000, 0x10e75b58, 0x116e0000)
  from space 26176K,  51% used [0x116e0000, 0x123ea3f0, 0x13070000)
  to   space 26176K,   0% used [0x13070000, 0x13070000, 0x14a00000)
 tenured generation   total 524288K, used 94088K [0x14a00000, 0x34a00000, 0x34a00000)
   the space 524288K,  17% used [0x14a00000, 0x1a5e22b0, 0x1a5e2400, 0x34a00000)
 compacting perm gen  total 262144K, used 42498K [0x34a00000, 0x44a00000, 0x44a00000)
   the space 262144K,  16% used [0x34a00000, 0x373808c8, 0x37380a00, 0x44a00000)
No shared spaces configured.
Event: 39.055 GC heap after
Heap after GC invocations=29 (full 0):
 def new generation   total 235968K, used 10757K [0x04a00000, 0x14a00000, 0x14a00000)
  eden space 209792K,   0% used [0x04a00000, 0x04a00000, 0x116e0000)
  from space 26176K,  41% used [0x13070000, 0x13af16f0, 0x14a00000)
  to   space 26176K,   0% used [0x116e0000, 0x116e0000, 0x13070000)
 tenured generation   total 524288K, used 97207K [0x14a00000, 0x34a00000, 0x34a00000)
   the space 524288K,  18% used [0x14a00000, 0x1a8edf38, 0x1a8ee000, 0x34a00000)
 compacting perm gen  total 262144K, used 42498K [0x34a00000, 0x44a00000, 0x44a00000)
   the space 262144K,  16% used [0x34a00000, 0x373808c8, 0x37380a00, 0x44a00000)
No shared spaces configured.
}
Event: 41.255 GC heap before
{Heap before GC invocations=29 (full 0):
 def new generation   total 235968K, used 217965K [0x04a00000, 0x14a00000, 0x14a00000)
  eden space 209792K,  98% used [0x04a00000, 0x11459fc0, 0x116e0000)
  from space 26176K,  41% used [0x13070000, 0x13af16f0, 0x14a00000)
  to   space 26176K,   0% used [0x116e0000, 0x116e0000, 0x13070000)
 tenured generation   total 524288K, used 97207K [0x14a00000, 0x34a00000, 0x34a00000)
   the space 524288K,  18% used [0x14a00000, 0x1a8edf38, 0x1a8ee000, 0x34a00000)
 compacting perm gen  total 262144K, used 43407K [0x34a00000, 0x44a00000, 0x44a00000)
   the space 262144K,  16% used [0x34a00000, 0x37463e60, 0x37464000, 0x44a00000)
No shared spaces configured.
Event: 41.292 GC heap after
Heap after GC invocations=30 (full 0):
 def new generation   total 235968K, used 14789K [0x04a00000, 0x14a00000, 0x14a00000)
  eden space 209792K,   0% used [0x04a00000, 0x04a00000, 0x116e0000)
  from space 26176K,  56% used [0x116e0000, 0x12551458, 0x13070000)
  to   space 26176K,   0% used [0x13070000, 0x13070000, 0x14a00000)
 tenured generation   total 524288K, used 97207K [0x14a00000, 0x34a00000, 0x34a00000)
   the space 524288K,  18% used [0x14a00000, 0x1a8edf38, 0x1a8ee000, 0x34a00000)
 compacting perm gen  total 262144K, used 43407K [0x34a00000, 0x44a00000, 0x44a00000)
   the space 262144K,  16% used [0x34a00000, 0x37463e60, 0x37464000, 0x44a00000)
No shared spaces configured.
}
Event: 46.355 GC heap before
{Heap before GC invocations=30 (full 0):
 def new generation   total 235968K, used 224581K [0x04a00000, 0x14a00000, 0x14a00000)
  eden space 209792K, 100% used [0x04a00000, 0x116e0000, 0x116e0000)
  from space 26176K,  56% used [0x116e0000, 0x12551458, 0x13070000)
  to   space 26176K,   0% used [0x13070000, 0x13070000, 0x14a00000)
 tenured generation   total 524288K, used 97207K [0x14a00000, 0x34a00000, 0x34a00000)
   the space 524288K,  18% used [0x14a00000, 0x1a8edf38, 0x1a8ee000, 0x34a00000)
 compacting perm gen  total 262144K, used 44704K [0x34a00000, 0x44a00000, 0x44a00000)
   the space 262144K,  17% used [0x34a00000, 0x375a81c8, 0x375a8200, 0x44a00000)
No shared spaces configured.
Event: 46.406 GC heap after
Heap after GC invocations=31 (full 0):
 def new generation   total 235968K, used 14408K [0x04a00000, 0x14a00000, 0x14a00000)
  eden space 209792K,   0% used [0x04a00000, 0x04a00000, 0x116e0000)
  from space 26176K,  55% used [0x13070000, 0x13e82240, 0x14a00000)
  to   space 26176K,   0% used [0x116e0000, 0x116e0000, 0x13070000)
 tenured generation   total 524288K, used 101296K [0x14a00000, 0x34a00000, 0x34a00000)
   the space 524288K,  19% used [0x14a00000, 0x1acec180, 0x1acec200, 0x34a00000)
 compacting perm gen  total 262144K, used 44704K [0x34a00000, 0x44a00000, 0x44a00000)
   the space 262144K,  17% used [0x34a00000, 0x375a81c8, 0x375a8200, 0x44a00000)
No shared spaces configured.
}
Event: 47.619 GC heap before
{Heap before GC invocations=31 (full 0):
 def new generation   total 235968K, used 224200K [0x04a00000, 0x14a00000, 0x14a00000)
  eden space 209792K, 100% used [0x04a00000, 0x116e0000, 0x116e0000)
  from space 26176K,  55% used [0x13070000, 0x13e82240, 0x14a00000)
  to   space 26176K,   0% used [0x116e0000, 0x116e0000, 0x13070000)
 tenured generation   total 524288K, used 101296K [0x14a00000, 0x34a00000, 0x34a00000)
   the space 524288K,  19% used [0x14a00000, 0x1acec180, 0x1acec200, 0x34a00000)
 compacting perm gen  total 262144K, used 45690K [0x34a00000, 0x44a00000, 0x44a00000)
   the space 262144K,  17% used [0x34a00000, 0x3769ea48, 0x3769ec00, 0x44a00000)
No shared spaces configured.
Event: 47.666 GC heap after
Heap after GC invocations=32 (full 0):
 def new generation   total 235968K, used 13922K [0x04a00000, 0x14a00000, 0x14a00000)
  eden space 209792K,   0% used [0x04a00000, 0x04a00000, 0x116e0000)
  from space 26176K,  53% used [0x116e0000, 0x12478830, 0x13070000)
  to   space 26176K,   0% used [0x13070000, 0x13070000, 0x14a00000)
 tenured generation   total 524288K, used 105166K [0x14a00000, 0x34a00000, 0x34a00000)
   the space 524288K,  20% used [0x14a00000, 0x1b0b38c8, 0x1b0b3a00, 0x34a00000)
 compacting perm gen  total 262144K, used 45690K [0x34a00000, 0x44a00000, 0x44a00000)
   the space 262144K,  17% used [0x34a00000, 0x3769ea48, 0x3769ec00, 0x44a00000)
No shared spaces configured.
}

